2023-08-03 19:02:33.370 +0530 [debug] ([34mconfigs.js[0m) [31mloaded default configs as "{"updates":{"manifest_url":"https://de5stfj1tjro8.cloudfront.net/assets/ssdk/updates.json","period":24},"log":{"level":"info"},"javascript":{"ecma_version":2020},"request":{"timeout":5000}}"[0m
2023-08-03 19:02:33.373 +0530 [debug] ([34mfile.js[0m) [31mError while requiring /Users/sriramr/.ssdk/configs.json: Cannot find module '/Users/sriramr/.ssdk/configs.json'
Require stack:
- /Users/sriramr/Documents/ssdk package/ssdk/lib/utils/file.js
- /Users/sriramr/Documents/ssdk package/ssdk/lib/configs.js
- /Users/sriramr/Documents/ssdk package/ssdk/lib/logger.js
- /Users/sriramr/Documents/ssdk package/ssdk/index.js[0m
2023-08-03 19:02:33.373 +0530 [debug] ([34mconfigs.js[0m) [31mloaded global configs as "{}"[0m
2023-08-03 19:02:33.374 +0530 [debug] ([34mfile.js[0m) [31mError while requiring /Users/sriramr/Documents/SDK-Documentation/.ssdk/configs.json: Cannot find module '/Users/sriramr/Documents/SDK-Documentation/.ssdk/configs.json'
Require stack:
- /Users/sriramr/Documents/ssdk package/ssdk/lib/utils/file.js
- /Users/sriramr/Documents/ssdk package/ssdk/lib/configs.js
- /Users/sriramr/Documents/ssdk package/ssdk/lib/logger.js
- /Users/sriramr/Documents/ssdk package/ssdk/index.js[0m
2023-08-03 19:02:33.374 +0530 [debug] ([34mconfigs.js[0m) [31mloaded local configs as "{}"[0m
2023-08-03 19:02:33.374 +0530 [debug] ([34mconfigs.js[0m) [31mloaded env configs as "{"updates":{},"log":{},"javascript":{},"request":{"timeout":5000}}"[0m
2023-08-03 19:02:33.374 +0530 [debug] ([34mconfigs.js[0m) [31mloaded resolved configs as "{"updates":{"manifest_url":"https://de5stfj1tjro8.cloudfront.net/assets/ssdk/updates.json","period":24},"log":{"level":"info"},"javascript":{"ecma_version":2020},"request":{"timeout":5000}}"[0m
2023-08-03 19:02:33.374 +0530 [debug] ([34mlogger.js[0m) [31mStarting SSDK in node v14.16.1 on darwin[0m
2023-08-03 19:02:33.374 +0530 [debug] ([34msequelize.js[0m) [31msetting up sqilite at "/Users/sriramr/Documents/SDK-Documentation/.ssdk/store.sqlite"[0m
2023-08-03 19:02:33.374 +0530 [error] [31m[ERROR][0m  Node.js version of 18.x.x is required to run this SDK. v14.16.1 found.
